<?xml version="1.0" encoding="UTF-8"?>
<!-- Generated by org.testng.reporters.JUnitReportReporter -->
<testsuite hostname="LAPTOP-2BM44HDP" failures="0" tests="1" name="com.dws.wa.pages.RegisterPages" time="35.557" errors="0" timestamp="2021-05-14T11:59:29 IST" skipped="0">
  <testcase classname="com.dws.wa.pages.RegisterPages" name="RegisterData" time="35.557"/>
  <system-out/>
</testsuite> <!-- com.dws.wa.pages.RegisterPages -->
